Arguments: 
  C:\Program Files\nodejs\node.exe C:\Users\Admin\AppData\Roaming\npm\node_modules\yarn\bin\yarn.js install

PATH: 
  C:\Program Files\Common Files\Oracle\Java\javapath;C:\Program Files (x86)\Common Files\Oracle\Java\javapath;C:\WINDOWS\system32;C:\WINDOWS;C:\WINDOWS\System32\Wbem;C:\WINDOWS\System32\WindowsPowerShell\v1.0\;C:\WINDOWS\System32\OpenSSH\;C:\Program Files\Microsoft SQL Server\120\Tools\Binn\;C:\Program Files\Git\cmd;C:\Program Files\nodejs\;C:\Program Files\dotnet\;C:\Program Files\NVIDIA Corporation\NVIDIA NvDLISR;C:\Program Files (x86)\NVIDIA Corporation\PhysX\Common;C:\Program Files\Docker\Docker\resources\bin;C:\Users\Admin\.console-ninja\.bin;C:\Users\Admin\.console-ninja\.bin;C:\Users\Admin\AppData\Local\Programs\Python\Python310\Scripts\;C:\Users\Admin\AppData\Local\Programs\Python\Python310\;C:\Users\Admin\AppData\Local\Microsoft\WindowsApps;C:\Users\Admin\AppData\Roaming\npm;C:\Users\Admin\AppData\Local\Programs\Microsoft VS Code\bin;C:\Program Files (x86)\Java\jre1.8.0_333\bin;C:\Users\Admin\AppData\Local\GitHubDesktop\bin;C:\src\flutter\bin;C:\Users\Admin\AppData\Local\Microsoft\WindowsApps;C:\Users\Admin\AppData\Local\gitkraken\bin;;C:\Users\Admin\AppData\Local\spicetify

Yarn version: 
  1.22.18

Node version: 
  16.15.0

Platform: 
  win32 x64

Trace: 
  Error: connect ENETUNREACH 104.16.19.35:443
      at TCPConnectWrap.afterConnect [as oncomplete] (node:net:1187:16)

npm manifest: 
  {
    "name": "template",
    "version": "1.0.0",
    "main": "index.js",
    "scripts": {
      "dev": "nodemon",
      "start": "nodemon",
      "build": "tsc",
      "lint": "eslint"
    },
    "license": "MIT",
    "devDependencies": {
      "@types/express": "^4.17.17",
      "@types/node": "^18.15.13",
      "eslint": "^8.38.0",
      "eslint-config-prettier": "^8.8.0",
      "eslint-plugin-prettier": "^4.2.1",
      "nodemon": "^2.0.22",
      "prettier": "^2.8.7",
      "ts-node": "^10.9.1",
      "typescript": "^5.0.4"
    },
    "dependencies": {
      "class-validator": "^0.14.0",
      "express": "^4.18.2"
    }
  }

yarn manifest: 
  No manifest

Lockfile: 
  No lockfile
